生成启动时间为 2019/4/15 13:12:36。
     1>项目“d:\Users\ji.li\Desktop\CProject\DataStructure\Tree\Tree\Tree.vcxproj”在节点 2 上(Build 个目标)。
     1>ClCompile:
         D:\Visual Studio 2012\VC\bin\CL.exe /c /ZI /nologo /W3 /WX- /sdl /Od /Oy- /D WIN32 /D _DEBUG /D _CONSOLE /D _UNICODE /D UNICODE /Gm /EHsc /RTC1 /MDd /GS /fp:precise /Zc:wchar_t /Zc:forScope /Yc"stdafx.h" /Fp"Debug\Tree.pch" /Fo"Debug\\" /Fd"Debug\vc110.pdb" /Gd /TP /analyze- /errorReport:prompt stdafx.cpp
         stdafx.cpp
         D:\Visual Studio 2012\VC\bin\CL.exe /c /ZI /nologo /W3 /WX- /sdl /Od /Oy- /D WIN32 /D _DEBUG /D _CONSOLE /D _UNICODE /D UNICODE /Gm /EHsc /RTC1 /MDd /GS /fp:precise /Zc:wchar_t /Zc:forScope /Yu"stdafx.h" /Fp"Debug\Tree.pch" /Fo"Debug\\" /Fd"Debug\vc110.pdb" /Gd /TP /analyze- /errorReport:prompt AVLTree.cpp SearchTree.cpp SpalyTree.cpp Traversal.cpp Tree.cpp TreeOperation.cpp
         TreeOperation.cpp
         Tree.cpp
         Traversal.cpp
         SpalyTree.cpp
         SearchTree.cpp
         AVLTree.cpp
         正在生成代码...
       Link:
         D:\Visual Studio 2012\VC\bin\link.exe /ERRORREPORT:PROMPT /OUT:"d:\Users\ji.li\Desktop\CProject\DataStructure\Tree\Debug\Tree.exe" /INCREMENTAL /NOLOGO kernel32.lib user32.lib gdi32.lib winspool.lib comdlg32.lib advapi32.lib shell32.lib ole32.lib oleaut32.lib uuid.lib odbc32.lib odbccp32.lib /MANIFEST /MANIFESTUAC:"level='asInvoker' uiAccess='false'" /manifest:embed /DEBUG /PDB:"d:\Users\ji.li\Desktop\CProject\DataStructure\Tree\Debug\Tree.pdb" /SUBSYSTEM:CONSOLE /TLBID:1 /DYNAMICBASE /NXCOMPAT /IMPLIB:"d:\Users\ji.li\Desktop\CProject\DataStructure\Tree\Debug\Tree.lib" /MACHINE:X86 Debug\AVLTree.obj
         Debug\SearchTree.obj
         Debug\SpalyTree.obj
         Debug\stdafx.obj
         Debug\Traversal.obj
         Debug\Tree.obj
         Debug\TreeOperation.obj
         LINK : 没有找到 d:\Users\ji.li\Desktop\CProject\DataStructure\Tree\Debug\Tree.exe 或上一个增量链接没有生成它；正在执行完全链接
         Tree.vcxproj -> d:\Users\ji.li\Desktop\CProject\DataStructure\Tree\Debug\Tree.exe
     1>已完成生成项目“d:\Users\ji.li\Desktop\CProject\DataStructure\Tree\Tree\Tree.vcxproj”(Build 个目标)的操作。

生成成功。

已用时间 00:00:05.16
