D:\USERS\JI.LI\DESKTOP\CPROJECT\DATASTRUCTURE\TREE\TREE\DEBUG\TREE.PCH
D:\USERS\JI.LI\DESKTOP\CPROJECT\DATASTRUCTURE\TREE\TREE\DEBUG\STDAFX.OBJ
D:\USERS\JI.LI\DESKTOP\CPROJECT\DATASTRUCTURE\TREE\TREE\DEBUG\VC110.PDB
D:\USERS\JI.LI\DESKTOP\CPROJECT\DATASTRUCTURE\TREE\TREE\DEBUG\AVLTREE.OBJ
D:\USERS\JI.LI\DESKTOP\CPROJECT\DATASTRUCTURE\TREE\TREE\DEBUG\SEARCHTREE.OBJ
D:\USERS\JI.LI\DESKTOP\CPROJECT\DATASTRUCTURE\TREE\TREE\DEBUG\TRAVERSAL.OBJ
D:\USERS\JI.LI\DESKTOP\CPROJECT\DATASTRUCTURE\TREE\TREE\DEBUG\TREE.OBJ
D:\USERS\JI.LI\DESKTOP\CPROJECT\DATASTRUCTURE\TREE\TREE\DEBUG\TREEOPERATION.OBJ
D:\USERS\JI.LI\DESKTOP\CPROJECT\DATASTRUCTURE\TREE\TREE\DEBUG\SPALYTREE.OBJ
D:\USERS\JI.LI\DESKTOP\CPROJECT\DATASTRUCTURE\TREE\DEBUG\TREE.ILK
D:\USERS\JI.LI\DESKTOP\CPROJECT\DATASTRUCTURE\TREE\DEBUG\TREE.EXE
D:\USERS\JI.LI\DESKTOP\CPROJECT\DATASTRUCTURE\TREE\DEBUG\TREE.PDB
d:\Users\ji.li\Desktop\CProject\DataStructure\Tree\Tree\Debug\AVLTree.obj
d:\Users\ji.li\Desktop\CProject\DataStructure\Tree\Tree\Debug\SearchTree.obj
d:\Users\ji.li\Desktop\CProject\DataStructure\Tree\Tree\Debug\SpalyTree.obj
d:\Users\ji.li\Desktop\CProject\DataStructure\Tree\Tree\Debug\stdafx.obj
d:\Users\ji.li\Desktop\CProject\DataStructure\Tree\Tree\Debug\Traversal.obj
d:\Users\ji.li\Desktop\CProject\DataStructure\Tree\Tree\Debug\Tree.obj
d:\Users\ji.li\Desktop\CProject\DataStructure\Tree\Tree\Debug\TreeOperation.obj
d:\Users\ji.li\Desktop\CProject\DataStructure\Tree\Tree\Debug\cl.command.1.tlog
d:\Users\ji.li\Desktop\CProject\DataStructure\Tree\Tree\Debug\CL.read.1.tlog
d:\Users\ji.li\Desktop\CProject\DataStructure\Tree\Tree\Debug\CL.write.1.tlog
d:\Users\ji.li\Desktop\CProject\DataStructure\Tree\Tree\Debug\link-cvtres.read.1.tlog
d:\Users\ji.li\Desktop\CProject\DataStructure\Tree\Tree\Debug\link-cvtres.write.1.tlog
d:\Users\ji.li\Desktop\CProject\DataStructure\Tree\Tree\Debug\link-rc.read.1.tlog
d:\Users\ji.li\Desktop\CProject\DataStructure\Tree\Tree\Debug\link-rc.write.1.tlog
d:\Users\ji.li\Desktop\CProject\DataStructure\Tree\Tree\Debug\link.67672-cvtres.read.1.tlog
d:\Users\ji.li\Desktop\CProject\DataStructure\Tree\Tree\Debug\link.67672-cvtres.write.1.tlog
d:\Users\ji.li\Desktop\CProject\DataStructure\Tree\Tree\Debug\link.67672-rc.read.1.tlog
d:\Users\ji.li\Desktop\CProject\DataStructure\Tree\Tree\Debug\link.67672-rc.write.1.tlog
d:\Users\ji.li\Desktop\CProject\DataStructure\Tree\Tree\Debug\link.67672.read.1.tlog
d:\Users\ji.li\Desktop\CProject\DataStructure\Tree\Tree\Debug\link.67672.write.1.tlog
d:\Users\ji.li\Desktop\CProject\DataStructure\Tree\Tree\Debug\link.command.1.tlog
d:\Users\ji.li\Desktop\CProject\DataStructure\Tree\Tree\Debug\link.read.1.tlog
d:\Users\ji.li\Desktop\CProject\DataStructure\Tree\Tree\Debug\link.write.1.tlog
d:\Users\ji.li\Desktop\CProject\DataStructure\Tree\Tree\Debug\Tree.pch
d:\Users\ji.li\Desktop\CProject\DataStructure\Tree\Tree\Debug\vc110.idb
d:\Users\ji.li\Desktop\CProject\DataStructure\Tree\Tree\Debug\vc110.pdb
d:\Users\ji.li\Desktop\CProject\DataStructure\Tree\Debug\Tree.pdb
d:\Users\ji.li\Desktop\CProject\DataStructure\Tree\Debug\Tree.exe
d:\Users\ji.li\Desktop\CProject\DataStructure\Tree\Debug\Tree.ilk
