生成启动时间为 2019/3/25 16:05:47。
     1>项目“d:\Users\ji.li\Desktop\CProject\DataStructure\Hash\Hash\Hash.vcxproj”在节点 2 上(Build 个目标)。
     1>ClCompile:
         D:\Visual Studio 2012\VC\bin\CL.exe /c /ZI /nologo /W3 /WX- /sdl /Od /Oy- /D WIN32 /D _DEBUG /D _CONSOLE /D _UNICODE /D UNICODE /Gm /EHsc /RTC1 /MDd /GS /fp:precise /Zc:wchar_t /Zc:forScope /Yu"stdafx.h" /Fp"Debug\Hash.pch" /Fo"Debug\\" /Fd"Debug\vc110.pdb" /Gd /TP /analyze- /errorReport:prompt DoubleHash.cpp Hash.cpp LinearProbing.cpp OpenAddress.cpp Quadratic.cpp SeparateChaining.cpp
         DoubleHash.cpp
         正在生成代码...
         正在编译...
         Quadratic.cpp
         OpenAddress.cpp
         LinearProbing.cpp
         Hash.cpp
         正在生成代码...
         正在编译...
         SeparateChaining.cpp
         正在生成代码...
       Link:
         D:\Visual Studio 2012\VC\bin\link.exe /ERRORREPORT:PROMPT /OUT:"d:\Users\ji.li\Desktop\CProject\DataStructure\Hash\Debug\Hash.exe" /INCREMENTAL /NOLOGO kernel32.lib user32.lib gdi32.lib winspool.lib comdlg32.lib advapi32.lib shell32.lib ole32.lib oleaut32.lib uuid.lib odbc32.lib odbccp32.lib /MANIFEST /MANIFESTUAC:"level='asInvoker' uiAccess='false'" /manifest:embed /DEBUG /PDB:"d:\Users\ji.li\Desktop\CProject\DataStructure\Hash\Debug\Hash.pdb" /SUBSYSTEM:CONSOLE /TLBID:1 /DYNAMICBASE /NXCOMPAT /IMPLIB:"d:\Users\ji.li\Desktop\CProject\DataStructure\Hash\Debug\Hash.lib" /MACHINE:X86 Debug\DoubleHash.obj
         Debug\Hash.obj
         Debug\HashOperation.obj
         Debug\LinearProbing.obj
         Debug\OpenAddress.obj
         Debug\Quadratic.obj
         Debug\SeparateChaining.obj
         Debug\stdafx.obj
         Hash.vcxproj -> d:\Users\ji.li\Desktop\CProject\DataStructure\Hash\Debug\Hash.exe
     1>已完成生成项目“d:\Users\ji.li\Desktop\CProject\DataStructure\Hash\Hash\Hash.vcxproj”(Build 个目标)的操作。

生成成功。

已用时间 00:00:04.90
