D:\USERS\JI.LI\DESKTOP\CPROJECT\DATASTRUCTURE\STACK\STACK\DEBUG\STACK.PCH
D:\USERS\JI.LI\DESKTOP\CPROJECT\DATASTRUCTURE\STACK\STACK\DEBUG\STDAFX.OBJ
D:\USERS\JI.LI\DESKTOP\CPROJECT\DATASTRUCTURE\STACK\STACK\DEBUG\VC110.PDB
D:\USERS\JI.LI\DESKTOP\CPROJECT\DATASTRUCTURE\STACK\STACK\DEBUG\LINKEDSTACK.OBJ
D:\USERS\JI.LI\DESKTOP\CPROJECT\DATASTRUCTURE\STACK\STACK\DEBUG\SEQUENTSTACK.OBJ
D:\USERS\JI.LI\DESKTOP\CPROJECT\DATASTRUCTURE\STACK\STACK\DEBUG\STACK.OBJ
D:\USERS\JI.LI\DESKTOP\CPROJECT\DATASTRUCTURE\STACK\STACK\DEBUG\STACKOPERATION.OBJ
D:\USERS\JI.LI\DESKTOP\CPROJECT\DATASTRUCTURE\STACK\DEBUG\STACK.ILK
D:\USERS\JI.LI\DESKTOP\CPROJECT\DATASTRUCTURE\STACK\DEBUG\STACK.EXE
D:\USERS\JI.LI\DESKTOP\CPROJECT\DATASTRUCTURE\STACK\DEBUG\STACK.PDB
d:\Users\ji.li\Desktop\CProject\DataStructure\Stack\Stack\Debug\LinkedStack.obj
d:\Users\ji.li\Desktop\CProject\DataStructure\Stack\Stack\Debug\SequentStack.obj
d:\Users\ji.li\Desktop\CProject\DataStructure\Stack\Stack\Debug\Stack.obj
d:\Users\ji.li\Desktop\CProject\DataStructure\Stack\Stack\Debug\StackOperation.obj
d:\Users\ji.li\Desktop\CProject\DataStructure\Stack\Stack\Debug\stdafx.obj
d:\Users\ji.li\Desktop\CProject\DataStructure\Stack\Stack\Debug\cl.command.1.tlog
d:\Users\ji.li\Desktop\CProject\DataStructure\Stack\Stack\Debug\CL.read.1.tlog
d:\Users\ji.li\Desktop\CProject\DataStructure\Stack\Stack\Debug\CL.write.1.tlog
d:\Users\ji.li\Desktop\CProject\DataStructure\Stack\Stack\Debug\link-cvtres.read.1.tlog
d:\Users\ji.li\Desktop\CProject\DataStructure\Stack\Stack\Debug\link-cvtres.write.1.tlog
d:\Users\ji.li\Desktop\CProject\DataStructure\Stack\Stack\Debug\link-rc.read.1.tlog
d:\Users\ji.li\Desktop\CProject\DataStructure\Stack\Stack\Debug\link-rc.write.1.tlog
d:\Users\ji.li\Desktop\CProject\DataStructure\Stack\Stack\Debug\link.command.1.tlog
d:\Users\ji.li\Desktop\CProject\DataStructure\Stack\Stack\Debug\link.read.1.tlog
d:\Users\ji.li\Desktop\CProject\DataStructure\Stack\Stack\Debug\link.read.2.tlog
d:\Users\ji.li\Desktop\CProject\DataStructure\Stack\Stack\Debug\link.write.1.tlog
d:\Users\ji.li\Desktop\CProject\DataStructure\Stack\Stack\Debug\Stack.pch
d:\Users\ji.li\Desktop\CProject\DataStructure\Stack\Stack\Debug\vc110.idb
d:\Users\ji.li\Desktop\CProject\DataStructure\Stack\Stack\Debug\vc110.pdb
d:\Users\ji.li\Desktop\CProject\DataStructure\Stack\Debug\Stack.pdb
d:\Users\ji.li\Desktop\CProject\DataStructure\Stack\Debug\Stack.exe
d:\Users\ji.li\Desktop\CProject\DataStructure\Stack\Debug\Stack.ilk
