D:\USERS\JI.LI\DESKTOP\CPROJECT\DATASTRUCTURE\LIST\LIST\DEBUG\LIST.PCH
D:\USERS\JI.LI\DESKTOP\CPROJECT\DATASTRUCTURE\LIST\LIST\DEBUG\STDAFX.OBJ
D:\USERS\JI.LI\DESKTOP\CPROJECT\DATASTRUCTURE\LIST\LIST\DEBUG\VC110.PDB
D:\USERS\JI.LI\DESKTOP\CPROJECT\DATASTRUCTURE\LIST\LIST\DEBUG\LIST.OBJ
D:\USERS\JI.LI\DESKTOP\CPROJECT\DATASTRUCTURE\LIST\LIST\DEBUG\LISTOPERATION.OBJ
D:\USERS\JI.LI\DESKTOP\CPROJECT\DATASTRUCTURE\LIST\LIST\DEBUG\SEQUENTLIST.OBJ
D:\USERS\JI.LI\DESKTOP\CPROJECT\DATASTRUCTURE\LIST\DEBUG\LIST.ILK
D:\USERS\JI.LI\DESKTOP\CPROJECT\DATASTRUCTURE\LIST\DEBUG\LIST.EXE
D:\USERS\JI.LI\DESKTOP\CPROJECT\DATASTRUCTURE\LIST\DEBUG\LIST.PDB
d:\Users\ji.li\Desktop\CProject\DataStructure\List\List\Debug\List.obj
d:\Users\ji.li\Desktop\CProject\DataStructure\List\List\Debug\ListOperation.obj
d:\Users\ji.li\Desktop\CProject\DataStructure\List\List\Debug\SequentList.obj
d:\Users\ji.li\Desktop\CProject\DataStructure\List\List\Debug\stdafx.obj
d:\Users\ji.li\Desktop\CProject\DataStructure\List\List\Debug\cl.command.1.tlog
d:\Users\ji.li\Desktop\CProject\DataStructure\List\List\Debug\CL.read.1.tlog
d:\Users\ji.li\Desktop\CProject\DataStructure\List\List\Debug\CL.read.4.tlog
d:\Users\ji.li\Desktop\CProject\DataStructure\List\List\Debug\CL.write.1.tlog
d:\Users\ji.li\Desktop\CProject\DataStructure\List\List\Debug\link-cvtres.read.1.tlog
d:\Users\ji.li\Desktop\CProject\DataStructure\List\List\Debug\link-cvtres.write.1.tlog
d:\Users\ji.li\Desktop\CProject\DataStructure\List\List\Debug\link-rc.read.1.tlog
d:\Users\ji.li\Desktop\CProject\DataStructure\List\List\Debug\link-rc.write.1.tlog
d:\Users\ji.li\Desktop\CProject\DataStructure\List\List\Debug\link.command.1.tlog
d:\Users\ji.li\Desktop\CProject\DataStructure\List\List\Debug\link.read.1.tlog
d:\Users\ji.li\Desktop\CProject\DataStructure\List\List\Debug\link.read.2.tlog
d:\Users\ji.li\Desktop\CProject\DataStructure\List\List\Debug\link.read.3.tlog
d:\Users\ji.li\Desktop\CProject\DataStructure\List\List\Debug\link.read.4.tlog
d:\Users\ji.li\Desktop\CProject\DataStructure\List\List\Debug\link.write.1.tlog
d:\Users\ji.li\Desktop\CProject\DataStructure\List\List\Debug\List.pch
d:\Users\ji.li\Desktop\CProject\DataStructure\List\List\Debug\vc110.idb
d:\Users\ji.li\Desktop\CProject\DataStructure\List\List\Debug\vc110.pdb
d:\Users\ji.li\Desktop\CProject\DataStructure\List\Debug\List.pdb
d:\Users\ji.li\Desktop\CProject\DataStructure\List\Debug\List.exe
d:\Users\ji.li\Desktop\CProject\DataStructure\List\Debug\List.ilk
