生成启动时间为 2019/4/4 14:10:37。
     1>项目“d:\Users\ji.li\Desktop\CProject\DataStructure\Disjset\Disjset\Disjset.vcxproj”在节点 2 上(Build 个目标)。
     1>ClCompile:
         D:\Visual Studio 2012\VC\bin\CL.exe /c /ZI /nologo /W3 /WX- /sdl /Od /Oy- /D WIN32 /D _DEBUG /D _CONSOLE /D _UNICODE /D UNICODE /Gm /EHsc /RTC1 /MDd /GS /fp:precise /Zc:wchar_t /Zc:forScope /Yu"stdafx.h" /Fp"Debug\Disjset.pch" /Fo"Debug\\" /Fd"Debug\vc110.pdb" /Gd /TP /analyze- /errorReport:prompt Disjset.cpp ForestSet.cpp PureArraySet.cpp
         ForestSet.cpp
         正在生成代码...
         正在编译...
         Disjset.cpp
         正在生成代码...
         正在编译...
         PureArraySet.cpp
         正在生成代码...
       Link:
         D:\Visual Studio 2012\VC\bin\link.exe /ERRORREPORT:PROMPT /OUT:"d:\Users\ji.li\Desktop\CProject\DataStructure\Disjset\Debug\Disjset.exe" /INCREMENTAL /NOLOGO kernel32.lib user32.lib gdi32.lib winspool.lib comdlg32.lib advapi32.lib shell32.lib ole32.lib oleaut32.lib uuid.lib odbc32.lib odbccp32.lib /MANIFEST /MANIFESTUAC:"level='asInvoker' uiAccess='false'" /manifest:embed /DEBUG /PDB:"d:\Users\ji.li\Desktop\CProject\DataStructure\Disjset\Debug\Disjset.pdb" /SUBSYSTEM:CONSOLE /TLBID:1 /DYNAMICBASE /NXCOMPAT /IMPLIB:"d:\Users\ji.li\Desktop\CProject\DataStructure\Disjset\Debug\Disjset.lib" /MACHINE:X86 Debug\Disjset.obj
         Debug\DisjsetOperation.obj
         Debug\ForestSet.obj
         Debug\PureArraySet.obj
         Debug\stdafx.obj
         Disjset.vcxproj -> d:\Users\ji.li\Desktop\CProject\DataStructure\Disjset\Debug\Disjset.exe
     1>已完成生成项目“d:\Users\ji.li\Desktop\CProject\DataStructure\Disjset\Disjset\Disjset.vcxproj”(Build 个目标)的操作。

生成成功。

已用时间 00:00:01.65
