D:\USERS\JI.LI\DESKTOP\CPROJECT\DATASTRUCTURE\DISJSET\DISJSET\DEBUG\DISJSET.PCH
D:\USERS\JI.LI\DESKTOP\CPROJECT\DATASTRUCTURE\DISJSET\DISJSET\DEBUG\STDAFX.OBJ
D:\USERS\JI.LI\DESKTOP\CPROJECT\DATASTRUCTURE\DISJSET\DISJSET\DEBUG\VC110.PDB
D:\USERS\JI.LI\DESKTOP\CPROJECT\DATASTRUCTURE\DISJSET\DISJSET\DEBUG\DISJSET.OBJ
D:\USERS\JI.LI\DESKTOP\CPROJECT\DATASTRUCTURE\DISJSET\DISJSET\DEBUG\DISJSETOPERATION.OBJ
D:\USERS\JI.LI\DESKTOP\CPROJECT\DATASTRUCTURE\DISJSET\DISJSET\DEBUG\PUREARRAYSET.OBJ
D:\USERS\JI.LI\DESKTOP\CPROJECT\DATASTRUCTURE\DISJSET\DEBUG\DISJSET.ILK
D:\USERS\JI.LI\DESKTOP\CPROJECT\DATASTRUCTURE\DISJSET\DEBUG\DISJSET.EXE
D:\USERS\JI.LI\DESKTOP\CPROJECT\DATASTRUCTURE\DISJSET\DEBUG\DISJSET.PDB
d:\Users\ji.li\Desktop\CProject\DataStructure\Disjset\Disjset\Debug\Disjset.obj
d:\Users\ji.li\Desktop\CProject\DataStructure\Disjset\Disjset\Debug\DisjsetOperation.obj
d:\Users\ji.li\Desktop\CProject\DataStructure\Disjset\Disjset\Debug\PureArraySet.obj
d:\Users\ji.li\Desktop\CProject\DataStructure\Disjset\Disjset\Debug\stdafx.obj
d:\Users\ji.li\Desktop\CProject\DataStructure\Disjset\Disjset\Debug\cl.command.1.tlog
d:\Users\ji.li\Desktop\CProject\DataStructure\Disjset\Disjset\Debug\CL.read.1.tlog
d:\Users\ji.li\Desktop\CProject\DataStructure\Disjset\Disjset\Debug\CL.write.1.tlog
d:\Users\ji.li\Desktop\CProject\DataStructure\Disjset\Disjset\Debug\link-cvtres.read.1.tlog
d:\Users\ji.li\Desktop\CProject\DataStructure\Disjset\Disjset\Debug\link-cvtres.write.1.tlog
d:\Users\ji.li\Desktop\CProject\DataStructure\Disjset\Disjset\Debug\link-rc.read.1.tlog
d:\Users\ji.li\Desktop\CProject\DataStructure\Disjset\Disjset\Debug\link-rc.write.1.tlog
d:\Users\ji.li\Desktop\CProject\DataStructure\Disjset\Disjset\Debug\link.command.1.tlog
d:\Users\ji.li\Desktop\CProject\DataStructure\Disjset\Disjset\Debug\link.read.1.tlog
d:\Users\ji.li\Desktop\CProject\DataStructure\Disjset\Disjset\Debug\link.write.1.tlog
d:\Users\ji.li\Desktop\CProject\DataStructure\Disjset\Disjset\Debug\Disjset.pch
d:\Users\ji.li\Desktop\CProject\DataStructure\Disjset\Disjset\Debug\vc110.idb
d:\Users\ji.li\Desktop\CProject\DataStructure\Disjset\Disjset\Debug\vc110.pdb
d:\Users\ji.li\Desktop\CProject\DataStructure\Disjset\Debug\Disjset.pdb
d:\Users\ji.li\Desktop\CProject\DataStructure\Disjset\Debug\Disjset.exe
d:\Users\ji.li\Desktop\CProject\DataStructure\Disjset\Debug\Disjset.ilk
